<?xml version="1.0" encoding="UTF-8"?>
<testsuite name="be.cegeka.devopscourse.lab4.ComputationTest" tests="1" skipped="0" failures="0" errors="0" timestamp="2017-11-28T13:33:43" hostname="CI00014624" time="0.044">
  <properties/>
  <testcase name="plusInputOneAndTwoReturnsThree" classname="be.cegeka.devopscourse.lab4.ComputationTest" time="0.044"/>
  <system-out><![CDATA[]]></system-out>
  <system-err><![CDATA[]]></system-err>
</testsuite>
